<!DOCTYPE html PUBLIC "-//W3C//DTD XHTML 1.1//EN" "http://www.w3.org/TR/xhtml11/DTD/xhtml11.dtd">
<html xmlns="http://www.w3.org/1999/xhtml">
<head>
<meta http-equiv="content-type" content="text/html; charset=UTF-8"/>
<title>TestNG Report</title>
<style type="text/css">table {margin-bottom:10px;border-collapse:collapse;empty-cells:show}th,td {border:1px solid #009;padding:.25em .5em}th {vertical-align:bottom}td {vertical-align:top}table a {font-weight:bold}.stripe td {background-color: #E6EBF9}.num {text-align:right}.passedodd td {background-color: #3F3}.passedeven td {background-color: #0A0}.skippedodd td {background-color: #DDD}.skippedeven td {background-color: #CCC}.failedodd td,.attn {background-color: #F33}.failedeven td,.stripe .attn {background-color: #D00}.stacktrace {white-space:pre;font-family:monospace}.totop {font-size:85%;text-align:center;border-bottom:2px solid #000}.invisible {display:none}</style>
</head>
<body>
<table>
<tr><th>Test</th><th># Passed</th><th># Skipped</th><th># Failed</th><th>Time (ms)</th><th>Included Groups</th><th>Excluded Groups</th></tr>
<tr><th colspan="7">Final_Identifycourses</th></tr>
<tr><td><a href="#t0">FunctionalTesting</a></td><td class="num">0</td><td class="num">0</td><td class="num attn">8</td><td class="num">12,805</td><td></td><td></td></tr>
</table>
<table id='summary'><thead><tr><th>Class</th><th>Method</th><th>Start</th><th>Time (ms)</th></tr></thead><tbody><tr><th colspan="4">Final_Identifycourses</th></tr></tbody><tbody id="t0"><tr><th colspan="4">FunctionalTesting &#8212; failed</th></tr><tr class="failedeven"><td rowspan="8">TestSuite.AllTest</td><td><a href="#m0">ApplyingBeginnerAsFilter</a></td><td rowspan="1">1677156640899</td><td rowspan="1">15</td></tr><tr class="failedeven"><td><a href="#m1">ApplyingEnglishAsFilter</a></td><td rowspan="1">1677156640916</td><td rowspan="1">5014</td></tr><tr class="failedeven"><td><a href="#m2">ExtractingAllLanguageAndLevel</a></td><td rowspan="1">1677156650962</td><td rowspan="1">2</td></tr><tr class="failedeven"><td><a href="#m3">ExtractingDurationOfCourse</a></td><td rowspan="1">1677156650952</td><td rowspan="1">2</td></tr><tr class="failedeven"><td><a href="#m4">ExtraxtingCourseNameAndRating</a></td><td rowspan="1">1677156645933</td><td rowspan="1">5017</td></tr><tr class="failedeven"><td><a href="#m5">SearchingForLanguageLearning</a></td><td rowspan="1">1677156650958</td><td rowspan="1">2</td></tr><tr class="failedeven"><td><a href="#m6">SearchingForWebDevelopment</a></td><td rowspan="1">1677156638188</td><td rowspan="1">2705</td></tr><tr class="failedeven"><td><a href="#m7">capturingError</a></td><td rowspan="1">1677156650967</td><td rowspan="1">1</td></tr></tbody>
</table>
<h2>FunctionalTesting</h2><h3 id="m0">TestSuite.AllTest#ApplyingBeginnerAsFilter</h3><table class="result"><tr><th>Exception</th></tr><tr><td><div class="stacktrace">java.lang.NullPointerException
	at java.base/java.util.Objects.requireNonNull(Objects.java:208)
	at org.openqa.selenium.support.ui.FluentWait.&lt;init&gt;(FluentWait.java:106)
	at org.openqa.selenium.support.ui.WebDriverWait.&lt;init&gt;(WebDriverWait.java:85)
	at org.openqa.selenium.support.ui.WebDriverWait.&lt;init&gt;(WebDriverWait.java:45)
	at Base.Base.wait(Base.java:62)
	at Pages.Courses.applyBeginner(Courses.java:40)
	at TestSuite.AllTest.ApplyingBeginnerAsFilter(AllTest.java:34)
... Removed 25 stack frames</div></td></tr></table><p class="totop"><a href="#summary">back to summary</a></p>
<h3 id="m1">TestSuite.AllTest#ApplyingEnglishAsFilter</h3><table class="result"><tr><th>Exception</th></tr><tr><td><div class="stacktrace">java.lang.NullPointerException: Cannot invoke &quot;org.openqa.selenium.WebDriver.findElement(org.openqa.selenium.By)&quot; because &quot;Pages.Courses.driver&quot; is null
	at Pages.Courses.applyEnglish(Courses.java:50)
	at TestSuite.AllTest.ApplyingEnglishAsFilter(AllTest.java:40)
... Removed 25 stack frames</div></td></tr></table><p class="totop"><a href="#summary">back to summary</a></p>
<h3 id="m2">TestSuite.AllTest#ExtractingAllLanguageAndLevel</h3><table class="result"><tr><th>Exception</th></tr><tr><td><div class="stacktrace">java.lang.NullPointerException: Cannot invoke &quot;org.openqa.selenium.WebDriver.findElements(org.openqa.selenium.By)&quot; because &quot;Pages.LangLearn.driver&quot; is null
	at Pages.LangLearn.AllLanguages(LangLearn.java:44)
	at TestSuite.AllTest.ExtractingAllLanguageAndLevel(AllTest.java:62)
... Removed 25 stack frames</div></td></tr></table><p class="totop"><a href="#summary">back to summary</a></p>
<h3 id="m3">TestSuite.AllTest#ExtractingDurationOfCourse</h3><table class="result"><tr><th>Exception</th></tr><tr><td><div class="stacktrace">java.lang.NullPointerException: Cannot invoke &quot;org.openqa.selenium.WebDriver.findElement(org.openqa.selenium.By)&quot; because &quot;Pages.Courses.driver&quot; is null
	at Pages.Courses.DurationOfCourse(Courses.java:75)
	at TestSuite.AllTest.ExtractingDurationOfCourse(AllTest.java:50)
... Removed 25 stack frames</div></td></tr></table><p class="totop"><a href="#summary">back to summary</a></p>
<h3 id="m4">TestSuite.AllTest#ExtraxtingCourseNameAndRating</h3><table class="result"><tr><th>Exception</th></tr><tr><td><div class="stacktrace">java.lang.NullPointerException
	at java.base/java.util.Objects.requireNonNull(Objects.java:208)
	at org.openqa.selenium.support.ui.FluentWait.&lt;init&gt;(FluentWait.java:106)
	at org.openqa.selenium.support.ui.WebDriverWait.&lt;init&gt;(WebDriverWait.java:85)
	at org.openqa.selenium.support.ui.WebDriverWait.&lt;init&gt;(WebDriverWait.java:45)
	at Base.Base.wait(Base.java:62)
	at Pages.Courses.courseNameRating(Courses.java:60)
	at TestSuite.AllTest.ExtraxtingCourseNameAndRating(AllTest.java:45)
... Removed 25 stack frames</div></td></tr></table><p class="totop"><a href="#summary">back to summary</a></p>
<h3 id="m5">TestSuite.AllTest#SearchingForLanguageLearning</h3><table class="result"><tr><th>Exception</th></tr><tr><td><div class="stacktrace">java.lang.NullPointerException: Cannot invoke &quot;org.openqa.selenium.WebDriver.get(String)&quot; because &quot;Base.Base.driver&quot; is null
	at Base.Base.openUrl(Base.java:56)
	at TestSuite.AllTest.SearchingForLanguageLearning(AllTest.java:55)
... Removed 25 stack frames</div></td></tr></table><p class="totop"><a href="#summary">back to summary</a></p>
<h3 id="m6">TestSuite.AllTest#SearchingForWebDevelopment</h3><table class="result"><tr><th>Exception</th></tr><tr><td><div class="stacktrace">org.openqa.selenium.SessionNotCreatedException: session not created: This version of ChromeDriver only supports Chrome version 100
Current browser version is 110.0.5481.105 with binary path C:\Program Files\Google\Chrome\Application\chrome.exe
Build info: version: &apos;3.141.59&apos;, revision: &apos;e82be7d358&apos;, time: &apos;2018-11-14T08:17:03&apos;
System info: host: &apos;ASHU&apos;, ip: &apos;192.168.31.184&apos;, os.name: &apos;Windows 10&apos;, os.arch: &apos;amd64&apos;, os.version: &apos;10.0&apos;, java.version: &apos;17.0.1&apos;
Driver info: driver.version: ChromeDriver
remote stacktrace: Backtrace:
	Ordinal0 [0x00CE7413+2389011]
	Ordinal0 [0x00C79F61+1941345]
	Ordinal0 [0x00B6C658+837208]
	Ordinal0 [0x00B8C773+968563]
	Ordinal0 [0x00B8837A+951162]
	Ordinal0 [0x00B85C51+941137]
	Ordinal0 [0x00BB8C80+1150080]
	Ordinal0 [0x00BB88DA+1149146]
	Ordinal0 [0x00BB3F66+1130342]
	Ordinal0 [0x00B8E546+976198]
	Ordinal0 [0x00B8F456+980054]
	GetHandleVerifier [0x00E99632+1727522]
	GetHandleVerifier [0x00F4BA4D+2457661]
	GetHandleVerifier [0x00D7EB81+569713]
	GetHandleVerifier [0x00D7DD76+566118]
	Ordinal0 [0x00C80B2B+1968939]
	Ordinal0 [0x00C85988+1989000]
	Ordinal0 [0x00C85A75+1989237]
	Ordinal0 [0x00C8ECB1+2026673]
	BaseThreadInitThunk [0x76027D69+25]
	RtlInitializeExceptionChain [0x7757BB9B+107]
	RtlClearBits [0x7757BB1F+191]

	at org.openqa.selenium.remote.W3CHandshakeResponse.lambda$errorHandler$0(W3CHandshakeResponse.java:62)
	at org.openqa.selenium.remote.HandshakeResponse.lambda$getResponseFunction$0(HandshakeResponse.java:30)
	at org.openqa.selenium.remote.ProtocolHandshake.lambda$createSession$0(ProtocolHandshake.java:126)
	at java.base/java.util.stream.ReferencePipeline$3$1.accept(ReferencePipeline.java:197)
	at java.base/java.util.Spliterators$ArraySpliterator.tryAdvance(Spliterators.java:1002)
	at java.base/java.util.stream.ReferencePipeline.forEachWithCancel(ReferencePipeline.java:129)
	at java.base/java.util.stream.AbstractPipeline.copyIntoWithCancel(AbstractPipeline.java:527)
	at java.base/java.util.stream.AbstractPipeline.copyInto(AbstractPipeline.java:513)
	at java.base/java.util.stream.AbstractPipeline.wrapAndCopyInto(AbstractPipeline.java:499)
	at java.base/java.util.stream.FindOps$FindOp.evaluateSequential(FindOps.java:150)
	at java.base/java.util.stream.AbstractPipeline.evaluate(AbstractPipeline.java:234)
	at java.base/java.util.stream.ReferencePipeline.findFirst(ReferencePipeline.java:647)
	at org.openqa.selenium.remote.ProtocolHandshake.createSession(ProtocolHandshake.java:128)
	at org.openqa.selenium.remote.ProtocolHandshake.createSession(ProtocolHandshake.java:74)
	at org.openqa.selenium.remote.HttpCommandExecutor.execute(HttpCommandExecutor.java:136)
	at org.openqa.selenium.remote.service.DriverCommandExecutor.execute(DriverCommandExecutor.java:83)
	at org.openqa.selenium.remote.RemoteWebDriver.execute(RemoteWebDriver.java:552)
	at org.openqa.selenium.remote.RemoteWebDriver.startSession(RemoteWebDriver.java:213)
	at org.openqa.selenium.remote.RemoteWebDriver.&lt;init&gt;(RemoteWebDriver.java:131)
	at org.openqa.selenium.chrome.ChromeDriver.&lt;init&gt;(ChromeDriver.java:181)
	at org.openqa.selenium.chrome.ChromeDriver.&lt;init&gt;(ChromeDriver.java:168)
	at org.openqa.selenium.chrome.ChromeDriver.&lt;init&gt;(ChromeDriver.java:123)
	at Base.Base.driverSetup(Base.java:36)
	at TestSuite.AllTest.SearchingForWebDevelopment(AllTest.java:25)
... Removed 30 stack frames</div></td></tr></table><p class="totop"><a href="#summary">back to summary</a></p>
<h3 id="m7">TestSuite.AllTest#capturingError</h3><table class="result"><tr><th>Exception</th></tr><tr><td><div class="stacktrace">java.lang.NullPointerException: Cannot invoke &quot;org.openqa.selenium.WebDriver.get(String)&quot; because &quot;Base.Base.driver&quot; is null
	at Base.Base.openUrl(Base.java:56)
	at TestSuite.AllTest.capturingError(AllTest.java:68)
... Removed 25 stack frames</div></td></tr></table><p class="totop"><a href="#summary">back to summary</a></p>
</body>
</html>
